<?xml version="1.0" ?><testsuite name="answer.TransactionsTest" time="0.058" timestamp="2021-05-24T00:58:02" tests="25" failures="0" skipped="0" aborted="0"><properties>
[...]
</properties><testcase classname="answer.TransactionsTest" name="RunningOutOfStockWithRestocking()" time="0.001"></testcase><testcase classname="answer.TransactionsTest" name="DaysProgressNormally()" time="0.002"></testcase><testcase classname="answer.TransactionsTest" name="JobCompletionInitialised()" time="0.0"></testcase><testcase classname="answer.TransactionsTest" name="SingleDayJob()" time="0.0"></testcase><testcase classname="answer.TransactionsTest" name="MiscellaneousTransactions()" time="0.001"></testcase><testcase classname="answer.TransactionsTest" name="SellingNothingOrderFulfilled()" time="0.001"></testcase><testcase classname="answer.TransactionsTest" name="ZeroJobDuration()" time="0.008"></testcase><testcase classname="answer.TransactionsTest" name="RunningOutOfCashByPayingForEmptyDeliveryTrucks()" time="0.0"></testcase><testcase classname="answer.TransactionsTest" name="NegativeWarehouseCapacity()" time="0.001"></testcase><testcase classname="answer.TransactionsTest" name="NegativeWholesalePurchaseWithRestocking()" time="0.001"></testcase><testcase classname="answer.TransactionsTest" name="WarehouseTransactionsConstructed()" time="0.001"></testcase><testcase classname="answer.TransactionsTest" name="ZeroWarehouseCapacity()" time="0.0"></testcase><testcase classname="answer.TransactionsTest" name="NegativeWholesalePurchase()" time="0.001"></testcase><testcase classname="answer.TransactionsTest" name="RestockingAndSellingNothing()" time="0.0"></testcase><testcase classname="answer.TransactionsTest" name="RestockingWhenAlreadyFull()" time="0.002"></testcase><testcase classname="answer.TransactionsTest" name="SellingNothingStockUnchanged()" time="0.0"></testcase><testcase classname="answer.TransactionsTest" name="RunningOutOfStock()" time="0.0"></testcase><testcase classname="answer.TransactionsTest" name="NegativeJobDuration()" time="0.001"></testcase><testcase classname="answer.TransactionsTest" name="SellingEverythingNoStockLeft()" time="0.0"></testcase><testcase classname="answer.TransactionsTest" name="SellingEverythingOrderFulfilled()" time="0.001"></testcase><testcase classname="answer.TransactionsTest" name="InsolvencyStatusInitialised()" time="0.004"></testcase><testcase classname="answer.TransactionsTest" name="DaysProgressNormallyWithRestocking()" time="0.0"></testcase><testcase classname="answer.TransactionsTest" name="RunningOutOfCash()" time="0.001"></testcase><testcase classname="answer.TransactionsTest" name="WarehouseLedgerConstructed()" time="0.0"></testcase><testcase classname="answer.TransactionsTest" name="OrderFulfillmentInitialised()" time="0.0"></testcase></testsuite>